2023-04-06 16:47:51,610 INFO (StartupInfoLogger.java:50)- Starting ChinamapApplication on Gaiwa with PID 22512 (D:\HTML_Project\CH_map\chinamap\target\classes started by Administrator in D:\HTML_Project\CH_map\chinamap)
2023-04-06 16:47:51,615 INFO (SpringApplication.java:646)- No active profile set, falling back to default profiles: default
2023-04-06 16:48:29,129 INFO (StartupInfoLogger.java:59)- Started ChinamapApplication in 37.825 seconds (JVM running for 38.547)
2023-04-06 19:33:37,507 INFO (StartupInfoLogger.java:50)- Starting ChinamapApplication on Gaiwa with PID 1376 (D:\HTML_Project\CH_map\chinamap\target\classes started by Administrator in D:\HTML_Project\CH_map\chinamap)
2023-04-06 19:33:37,509 INFO (SpringApplication.java:646)- No active profile set, falling back to default profiles: default
2023-04-06 19:34:15,438 INFO (StartupInfoLogger.java:59)- Started ChinamapApplication in 38.207 seconds (JVM running for 38.892)
2023-04-06 19:41:46,277 INFO (StartupInfoLogger.java:50)- Starting ChinamapApplication on Gaiwa with PID 16252 (D:\HTML_Project\CH_map\chinamap\target\classes started by Administrator in D:\HTML_Project\CH_map\chinamap)
2023-04-06 19:41:46,279 INFO (SpringApplication.java:646)- No active profile set, falling back to default profiles: default
2023-04-06 20:37:03,075 INFO (StartupInfoLogger.java:50)- Starting ChinamapApplication on Gaiwa with PID 9556 (D:\HTML_Project\CH_map\chinamap\target\classes started by Administrator in D:\HTML_Project\CH_map\chinamap)
2023-04-06 20:37:03,077 INFO (SpringApplication.java:646)- No active profile set, falling back to default profiles: default
2023-04-06 20:37:40,611 INFO (StartupInfoLogger.java:59)- Started ChinamapApplication in 37.807 seconds (JVM running for 38.505)
2023-04-06 20:52:59,216 INFO (StartupInfoLogger.java:50)- Starting ChinamapApplication on Gaiwa with PID 27760 (D:\HTML_Project\CH_map\chinamap\target\classes started by Administrator in D:\HTML_Project\CH_map\chinamap)
2023-04-06 20:52:59,218 INFO (SpringApplication.java:646)- No active profile set, falling back to default profiles: default
2023-04-06 20:54:22,291 INFO (StartupInfoLogger.java:50)- Starting ChinamapApplication on Gaiwa with PID 17228 (D:\HTML_Project\CH_map\chinamap\target\classes started by Administrator in D:\HTML_Project\CH_map\chinamap)
2023-04-06 20:54:22,293 INFO (SpringApplication.java:646)- No active profile set, falling back to default profiles: default
2023-04-06 20:54:59,611 INFO (StartupInfoLogger.java:59)- Started ChinamapApplication in 37.583 seconds (JVM running for 38.273)
2023-04-06 20:55:53,810 INFO (StartupInfoLogger.java:50)- Starting ChinamapApplication on Gaiwa with PID 7292 (D:\HTML_Project\CH_map\chinamap\target\classes started by Administrator in D:\HTML_Project\CH_map\chinamap)
2023-04-06 20:55:53,812 INFO (SpringApplication.java:646)- No active profile set, falling back to default profiles: default
2023-04-06 20:56:31,770 INFO (StartupInfoLogger.java:59)- Started ChinamapApplication in 38.221 seconds (JVM running for 38.917)
2023-04-06 21:10:20,921 INFO (StartupInfoLogger.java:50)- Starting ChinamapApplication on Gaiwa with PID 17496 (D:\HTML_Project\CH_map\chinamap\target\classes started by Administrator in D:\HTML_Project\CH_map\chinamap)
2023-04-06 21:10:20,923 INFO (SpringApplication.java:646)- No active profile set, falling back to default profiles: default
2023-04-06 21:10:57,757 INFO (StartupInfoLogger.java:59)- Started ChinamapApplication in 37.099 seconds (JVM running for 37.807)
2023-04-06 21:12:12,330 INFO (StartupInfoLogger.java:50)- Starting ChinamapApplication on Gaiwa with PID 10984 (D:\HTML_Project\CH_map\chinamap\target\classes started by Administrator in D:\HTML_Project\CH_map\chinamap)
2023-04-06 21:12:12,332 INFO (SpringApplication.java:646)- No active profile set, falling back to default profiles: default
2023-04-06 21:12:41,249 INFO (StartupInfoLogger.java:50)- Starting ChinamapApplication on Gaiwa with PID 28436 (D:\HTML_Project\CH_map\chinamap\target\classes started by Administrator in D:\HTML_Project\CH_map\chinamap)
2023-04-06 21:12:41,251 INFO (SpringApplication.java:646)- No active profile set, falling back to default profiles: default
2023-04-06 21:13:18,242 INFO (StartupInfoLogger.java:59)- Started ChinamapApplication in 37.258 seconds (JVM running for 37.959)
2023-04-06 21:21:45,796 INFO (StartupInfoLogger.java:50)- Starting ChinamapApplication on Gaiwa with PID 24316 (D:\HTML_Project\CH_map\chinamap\target\classes started by Administrator in D:\HTML_Project\CH_map\chinamap)
2023-04-06 21:21:45,798 INFO (SpringApplication.java:646)- No active profile set, falling back to default profiles: default
2023-04-06 21:22:23,741 INFO (StartupInfoLogger.java:59)- Started ChinamapApplication in 38.211 seconds (JVM running for 38.909)
2023-04-06 21:24:07,483 INFO (StartupInfoLogger.java:50)- Starting ChinamapApplication on Gaiwa with PID 20816 (D:\HTML_Project\CH_map\chinamap\target\classes started by Administrator in D:\HTML_Project\CH_map\chinamap)
2023-04-06 21:24:07,485 INFO (SpringApplication.java:646)- No active profile set, falling back to default profiles: default
2023-04-06 21:24:44,810 INFO (StartupInfoLogger.java:59)- Started ChinamapApplication in 37.594 seconds (JVM running for 38.285)
2023-04-06 21:29:52,324 INFO (StartupInfoLogger.java:50)- Starting ChinamapApplication on Gaiwa with PID 13272 (D:\HTML_Project\CH_map\chinamap\target\classes started by Administrator in D:\HTML_Project\CH_map\chinamap)
2023-04-06 21:29:52,326 INFO (SpringApplication.java:646)- No active profile set, falling back to default profiles: default
2023-04-06 21:30:29,261 INFO (StartupInfoLogger.java:59)- Started ChinamapApplication in 37.209 seconds (JVM running for 37.905)
2023-04-06 21:30:48,298 INFO (StartupInfoLogger.java:50)- Starting ChinamapApplication on Gaiwa with PID 28604 (D:\HTML_Project\CH_map\chinamap\target\classes started by Administrator in D:\HTML_Project\CH_map\chinamap)
2023-04-06 21:30:48,300 INFO (SpringApplication.java:646)- No active profile set, falling back to default profiles: default
2023-04-06 21:31:25,719 INFO (StartupInfoLogger.java:59)- Started ChinamapApplication in 37.69 seconds (JVM running for 38.391)
2023-04-06 21:31:56,823 INFO (MapController.java:74)- 入参类别：prefpgn，起始时间：-5000，截至时间：-221
2023-04-06 21:32:08,238 INFO (MapController.java:74)- 入参类别：prefpgn，起始时间：-5000，截至时间：-221
2023-04-06 21:32:10,034 INFO (MapController.java:74)- 入参类别：prefpgn，起始时间：-5000，截至时间：-221
2023-04-06 21:32:10,890 INFO (MapController.java:74)- 入参类别：prefpgn，起始时间：-5000，截至时间：-221
2023-04-06 21:35:49,511 INFO (StartupInfoLogger.java:50)- Starting ChinamapApplication on Gaiwa with PID 7920 (D:\HTML_Project\CH_map\chinamap\target\classes started by Administrator in D:\HTML_Project\CH_map\chinamap)
2023-04-06 21:35:49,513 INFO (SpringApplication.java:646)- No active profile set, falling back to default profiles: default
2023-04-06 21:36:26,438 INFO (StartupInfoLogger.java:59)- Started ChinamapApplication in 37.211 seconds (JVM running for 37.91)
2023-04-06 21:42:19,176 INFO (StartupInfoLogger.java:50)- Starting ChinamapApplication on Gaiwa with PID 10972 (D:\HTML_Project\CH_map\chinamap\target\classes started by Administrator in D:\HTML_Project\CH_map\chinamap)
2023-04-06 21:42:19,178 INFO (SpringApplication.java:646)- No active profile set, falling back to default profiles: default
2023-04-06 21:42:29,285 INFO (StartupInfoLogger.java:50)- Starting ChinamapApplication on Gaiwa with PID 20328 (D:\HTML_Project\CH_map\chinamap\target\classes started by Administrator in D:\HTML_Project\CH_map\chinamap)
2023-04-06 21:42:29,287 INFO (SpringApplication.java:646)- No active profile set, falling back to default profiles: default
2023-04-06 21:43:06,910 INFO (StartupInfoLogger.java:59)- Started ChinamapApplication in 37.899 seconds (JVM running for 38.617)
2023-04-06 21:44:21,425 INFO (StartupInfoLogger.java:50)- Starting ChinamapApplication on Gaiwa with PID 28628 (D:\HTML_Project\CH_map\chinamap\target\classes started by Administrator in D:\HTML_Project\CH_map\chinamap)
2023-04-06 21:44:21,427 INFO (SpringApplication.java:646)- No active profile set, falling back to default profiles: default
2023-04-06 21:44:59,252 INFO (StartupInfoLogger.java:59)- Started ChinamapApplication in 38.093 seconds (JVM running for 38.86)
2023-04-06 21:48:25,149 INFO (StartupInfoLogger.java:50)- Starting ChinamapApplication on Gaiwa with PID 23888 (D:\HTML_Project\CH_map\chinamap\target\classes started by Administrator in D:\HTML_Project\CH_map\chinamap)
2023-04-06 21:48:25,151 INFO (SpringApplication.java:646)- No active profile set, falling back to default profiles: default
2023-04-06 21:49:02,143 INFO (StartupInfoLogger.java:59)- Started ChinamapApplication in 37.284 seconds (JVM running for 37.731)
2023-04-06 21:49:05,660 INFO (MapController.java:74)- 入参类别：prefpgn，起始时间：-5000，截至时间：-221
2023-04-06 21:54:41,628 INFO (MapController.java:74)- 入参类别：prefpgn，起始时间：-5000，截至时间：-221
2023-04-06 21:55:10,161 INFO (MapController.java:74)- 入参类别：prefpgn，起始时间：-5000，截至时间：-221
2023-04-06 21:58:05,096 INFO (MapController.java:74)- 入参类别：prefpgn，起始时间：-5000，截至时间：-221
2023-04-06 21:58:19,803 INFO (MapController.java:74)- 入参类别：prefpgn，起始时间：-5000，截至时间：-221
2023-04-06 21:58:54,882 INFO (MapController.java:74)- 入参类别：prefpgn，起始时间：-5000，截至时间：-221
2023-04-06 21:58:56,462 INFO (MapController.java:74)- 入参类别：prefpgn，起始时间：-5000，截至时间：-221
2023-04-06 22:06:30,609 INFO (StartupInfoLogger.java:50)- Starting ChinamapApplication on Gaiwa with PID 9608 (D:\HTML_Project\CH_map\chinamap\target\classes started by Administrator in D:\HTML_Project\CH_map\chinamap)
2023-04-06 22:06:30,611 INFO (SpringApplication.java:646)- No active profile set, falling back to default profiles: default
2023-04-06 22:07:08,324 INFO (StartupInfoLogger.java:59)- Started ChinamapApplication in 37.982 seconds (JVM running for 38.682)
2023-04-06 22:09:55,641 INFO (MapController.java:74)- 入参类别：prefpgn，起始时间：-5000，截至时间：-221
2023-04-06 22:10:48,118 INFO (StartupInfoLogger.java:50)- Starting ChinamapApplication on Gaiwa with PID 24012 (D:\HTML_Project\CH_map\chinamap\target\classes started by Administrator in D:\HTML_Project\CH_map\chinamap)
2023-04-06 22:10:48,120 INFO (SpringApplication.java:646)- No active profile set, falling back to default profiles: default
2023-04-06 22:11:25,908 INFO (StartupInfoLogger.java:59)- Started ChinamapApplication in 38.057 seconds (JVM running for 38.764)
2023-04-06 22:14:37,618 INFO (StartupInfoLogger.java:50)- Starting ChinamapApplication on Gaiwa with PID 10788 (D:\HTML_Project\CH_map\chinamap\target\classes started by Administrator in D:\HTML_Project\CH_map\chinamap)
2023-04-06 22:14:37,620 INFO (SpringApplication.java:646)- No active profile set, falling back to default profiles: default
2023-04-06 22:15:15,213 INFO (StartupInfoLogger.java:59)- Started ChinamapApplication in 37.865 seconds (JVM running for 38.558)
2023-04-06 22:16:48,227 INFO (StartupInfoLogger.java:50)- Starting ChinamapApplication on Gaiwa with PID 19540 (D:\HTML_Project\CH_map\chinamap\target\classes started by Administrator in D:\HTML_Project\CH_map\chinamap)
2023-04-06 22:16:48,229 INFO (SpringApplication.java:646)- No active profile set, falling back to default profiles: default
2023-04-06 22:17:24,952 INFO (StartupInfoLogger.java:59)- Started ChinamapApplication in 36.997 seconds (JVM running for 37.686)
2023-04-06 22:21:27,811 INFO (StartupInfoLogger.java:50)- Starting ChinamapApplication on Gaiwa with PID 20012 (D:\HTML_Project\CH_map\chinamap\target\classes started by Administrator in D:\HTML_Project\CH_map\chinamap)
2023-04-06 22:21:27,813 INFO (SpringApplication.java:646)- No active profile set, falling back to default profiles: default
2023-04-06 22:22:05,291 INFO (StartupInfoLogger.java:59)- Started ChinamapApplication in 37.748 seconds (JVM running for 38.45)
2023-04-06 22:37:51,684 INFO (StartupInfoLogger.java:50)- Starting ChinamapApplication on Gaiwa with PID 5096 (D:\HTML_Project\CH_map\chinamap\target\classes started by Administrator in D:\HTML_Project\CH_map\chinamap)
2023-04-06 22:37:51,685 INFO (SpringApplication.java:646)- No active profile set, falling back to default profiles: default
2023-04-06 22:38:28,514 INFO (StartupInfoLogger.java:59)- Started ChinamapApplication in 37.11 seconds (JVM running for 37.817)
2023-04-06 22:50:19,610 INFO (StartupInfoLogger.java:50)- Starting ChinamapApplication on Gaiwa with PID 19232 (D:\HTML_Project\CH_map\chinamap\target\classes started by Administrator in D:\HTML_Project\CH_map\chinamap)
2023-04-06 22:50:19,612 INFO (SpringApplication.java:646)- No active profile set, falling back to default profiles: default
2023-04-06 22:50:57,519 INFO (StartupInfoLogger.java:59)- Started ChinamapApplication in 38.175 seconds (JVM running for 38.881)
2023-04-06 22:57:18,364 INFO (StartupInfoLogger.java:50)- Starting ChinamapApplication on Gaiwa with PID 21140 (D:\HTML_Project\CH_map\chinamap\target\classes started by Administrator in D:\HTML_Project\CH_map\chinamap)
2023-04-06 22:57:18,366 INFO (SpringApplication.java:646)- No active profile set, falling back to default profiles: default
2023-04-06 22:57:54,851 INFO (StartupInfoLogger.java:59)- Started ChinamapApplication in 36.753 seconds (JVM running for 37.457)
2023-04-06 23:00:12,353 INFO (StartupInfoLogger.java:50)- Starting ChinamapApplication on Gaiwa with PID 27656 (D:\HTML_Project\CH_map\chinamap\target\classes started by Administrator in D:\HTML_Project\CH_map\chinamap)
2023-04-06 23:00:12,355 INFO (SpringApplication.java:646)- No active profile set, falling back to default profiles: default
2023-04-06 23:00:49,885 INFO (StartupInfoLogger.java:59)- Started ChinamapApplication in 37.8 seconds (JVM running for 38.496)
2023-04-06 23:03:48,740 INFO (StartupInfoLogger.java:50)- Starting ChinamapApplication on Gaiwa with PID 12904 (D:\HTML_Project\CH_map\chinamap\target\classes started by Administrator in D:\HTML_Project\CH_map\chinamap)
2023-04-06 23:03:48,742 INFO (SpringApplication.java:646)- No active profile set, falling back to default profiles: default
2023-04-06 23:04:26,302 INFO (StartupInfoLogger.java:59)- Started ChinamapApplication in 37.832 seconds (JVM running for 38.556)
2023-04-06 23:08:51,755 INFO (StartupInfoLogger.java:50)- Starting ChinamapApplication on Gaiwa with PID 9292 (D:\HTML_Project\CH_map\chinamap\target\classes started by Administrator in D:\HTML_Project\CH_map\chinamap)
2023-04-06 23:08:51,757 INFO (SpringApplication.java:646)- No active profile set, falling back to default profiles: default
2023-04-06 23:09:28,460 INFO (StartupInfoLogger.java:59)- Started ChinamapApplication in 36.984 seconds (JVM running for 37.683)
2023-04-06 23:23:53,247 INFO (StartupInfoLogger.java:50)- Starting ChinamapApplication on Gaiwa with PID 25880 (D:\HTML_Project\CH_map\chinamap\target\classes started by Administrator in D:\HTML_Project\CH_map\chinamap)
2023-04-06 23:23:53,249 INFO (SpringApplication.java:646)- No active profile set, falling back to default profiles: default
2023-04-06 23:24:30,553 INFO (StartupInfoLogger.java:59)- Started ChinamapApplication in 37.574 seconds (JVM running for 38.277)
2023-04-06 23:33:47,481 INFO (StartupInfoLogger.java:50)- Starting ChinamapApplication on Gaiwa with PID 26676 (D:\HTML_Project\CH_map\chinamap\target\classes started by Administrator in D:\HTML_Project\CH_map\chinamap)
2023-04-06 23:33:47,483 INFO (SpringApplication.java:646)- No active profile set, falling back to default profiles: default
2023-04-06 23:34:25,069 INFO (StartupInfoLogger.java:59)- Started ChinamapApplication in 37.858 seconds (JVM running for 38.56)
2023-04-06 23:37:32,324 INFO (StartupInfoLogger.java:50)- Starting ChinamapApplication on Gaiwa with PID 20364 (D:\HTML_Project\CH_map\chinamap\target\classes started by Administrator in D:\HTML_Project\CH_map\chinamap)
2023-04-06 23:37:32,326 INFO (SpringApplication.java:646)- No active profile set, falling back to default profiles: default
2023-04-06 23:38:10,353 INFO (StartupInfoLogger.java:59)- Started ChinamapApplication in 38.3 seconds (JVM running for 38.997)
2023-04-06 23:39:22,017 INFO (StartupInfoLogger.java:50)- Starting ChinamapApplication on Gaiwa with PID 25124 (D:\HTML_Project\CH_map\chinamap\target\classes started by Administrator in D:\HTML_Project\CH_map\chinamap)
2023-04-06 23:39:22,019 INFO (SpringApplication.java:646)- No active profile set, falling back to default profiles: default
2023-04-06 23:39:59,784 INFO (StartupInfoLogger.java:59)- Started ChinamapApplication in 38.038 seconds (JVM running for 38.745)
2023-04-06 23:47:07,385 INFO (StartupInfoLogger.java:50)- Starting ChinamapApplication on Gaiwa with PID 9400 (D:\HTML_Project\CH_map\chinamap\target\classes started by Administrator in D:\HTML_Project\CH_map\chinamap)
2023-04-06 23:47:07,387 INFO (SpringApplication.java:646)- No active profile set, falling back to default profiles: default
2023-04-06 23:47:44,268 INFO (StartupInfoLogger.java:59)- Started ChinamapApplication in 37.165 seconds (JVM running for 37.87)
2023-04-06 23:49:37,448 INFO (StartupInfoLogger.java:50)- Starting ChinamapApplication on Gaiwa with PID 15376 (D:\HTML_Project\CH_map\chinamap\target\classes started by Administrator in D:\HTML_Project\CH_map\chinamap)
2023-04-06 23:49:37,450 INFO (SpringApplication.java:646)- No active profile set, falling back to default profiles: default
2023-04-06 23:50:14,465 INFO (StartupInfoLogger.java:59)- Started ChinamapApplication in 37.289 seconds (JVM running for 37.996)
2023-04-06 23:50:15,900 INFO (MapController.java:74)- 入参类别：prefpts，起始时间：-5000，截至时间：-221
2023-04-06 23:53:32,384 INFO (StartupInfoLogger.java:50)- Starting ChinamapApplication on Gaiwa with PID 21692 (D:\HTML_Project\CH_map\chinamap\target\classes started by Administrator in D:\HTML_Project\CH_map\chinamap)
2023-04-06 23:53:32,386 INFO (SpringApplication.java:646)- No active profile set, falling back to default profiles: default
2023-04-06 23:54:10,302 INFO (StartupInfoLogger.java:59)- Started ChinamapApplication in 38.192 seconds (JVM running for 38.911)
